 ⨯ upstream image response failed for https://images.unsplash.com/photo-1576765608535-5f07d9266691?auto=format&fit=crop&w=900&q=80 404
 ⨯ Error: ENOENT: no such file or directory, open 'C:\xampp\htdocs\My siblings\.next\routes-manifest.json'
    at async M (C:\xampp\htdocs\My siblings\.next\server\app\save-a-sibling\page.js:1:31152) {
  errno: -4058,
  code: 'ENOENT',
  syscall: 'open',
  path: 'C:\\xampp\\htdocs\\My siblings\\.next\\routes-manifest.json',
  page: '/save-a-sibling'
}
 ⨯ [Error: ENOENT: no such file or directory, open 'C:\xampp\htdocs\My siblings\.next\routes-manifest.json'] {
  errno: -4058,
  code: 'ENOENT',
  syscall: 'open',
  path: 'C:\\xampp\\htdocs\\My siblings\\.next\\routes-manifest.json'
}
Error: ENOENT: no such file or directory, open 'C:\xampp\htdocs\My siblings\.next\routes-manifest.json'
    at async M (C:\xampp\htdocs\My siblings\.next\server\app\save-a-sibling\page.js:1:31152) {
  errno: -4058,
  code: 'ENOENT',
  syscall: 'open',
  path: 'C:\\xampp\\htdocs\\My siblings\\.next\\routes-manifest.json',
  page: '/save-a-sibling'
}
 ⨯ [Error: ENOENT: no such file or directory, open 'C:\xampp\htdocs\My siblings\.next\routes-manifest.json'] {
  errno: -4058,
  code: 'ENOENT',
  syscall: 'open',
  path: 'C:\\xampp\\htdocs\\My siblings\\.next\\routes-manifest.json'
}
[Error: ENOENT: no such file or directory, open 'C:\xampp\htdocs\My siblings\.next\routes-manifest.json'] {
  errno: -4058,
  code: 'ENOENT',
  syscall: 'open',
  path: 'C:\\xampp\\htdocs\\My siblings\\.next\\routes-manifest.json'
}
